CRITICAL - 2021-05-04 04:26:56 --> syntax error, unexpected token "}", expecting ";"
#0 /home/nabiel/Desktop/SI_peminjaman_unsri/vendor/codeigniter4/framework/system/Autoloader/Autoloader.php(265): CodeIgniter\Autoloader\Autoloader->includeFile()
#1 /home/nabiel/Desktop/SI_peminjaman_unsri/vendor/codeigniter4/framework/system/Autoloader/Autoloader.php(228): CodeIgniter\Autoloader\Autoloader->loadInNamespace()
#2 /home/nabiel/Desktop/SI_peminjaman_unsri/app/Controllers/LabController.php(21): CodeIgniter\Autoloader\Autoloader->loadClass()
#3 /home/nabiel/Desktop/SI_peminjaman_unsri/vendor/codeigniter4/framework/system/CodeIgniter.php(936): App\Controllers\LabController->show_by_user()
#4 /home/nabiel/Desktop/SI_peminjaman_unsri/vendor/codeigniter4/framework/system/CodeIgniter.php(432): CodeIgniter\CodeIgniter->runController()
#5 /home/nabiel/Desktop/SI_peminjaman_unsri/vendor/codeigniter4/framework/system/CodeIgniter.php(333): CodeIgniter\CodeIgniter->handleRequest()
#6 /home/nabiel/Desktop/SI_peminjaman_unsri/public/index.php(44): CodeIgniter\CodeIgniter->run()
#7 /home/nabiel/Desktop/SI_peminjaman_unsri/vendor/codeigniter4/framework/system/Commands/Server/rewrite.php(45): require_once('...')
#8 {main}
CRITICAL - 2021-05-04 04:29:58 --> Undefined variable $pinjaman
#0 /home/nabiel/Desktop/SI_peminjaman_unsri/app/Views/lab/daftar_lab_pinjaman_saya.php(77): CodeIgniter\Debug\Exceptions->errorHandler()
#1 /home/nabiel/Desktop/SI_peminjaman_unsri/vendor/codeigniter4/framework/system/View/View.php(220): include('...')
#2 /home/nabiel/Desktop/SI_peminjaman_unsri/vendor/codeigniter4/framework/system/View/View.php(222): CodeIgniter\View\View->CodeIgniter\View\{closure}()
#3 /home/nabiel/Desktop/SI_peminjaman_unsri/vendor/codeigniter4/framework/system/Common.php(1217): CodeIgniter\View\View->render()
#4 /home/nabiel/Desktop/SI_peminjaman_unsri/app/Controllers/LabController.php(24): view()
#5 /home/nabiel/Desktop/SI_peminjaman_unsri/vendor/codeigniter4/framework/system/CodeIgniter.php(936): App\Controllers\LabController->show_by_user()
#6 /home/nabiel/Desktop/SI_peminjaman_unsri/vendor/codeigniter4/framework/system/CodeIgniter.php(432): CodeIgniter\CodeIgniter->runController()
#7 /home/nabiel/Desktop/SI_peminjaman_unsri/vendor/codeigniter4/framework/system/CodeIgniter.php(333): CodeIgniter\CodeIgniter->handleRequest()
#8 /home/nabiel/Desktop/SI_peminjaman_unsri/public/index.php(44): CodeIgniter\CodeIgniter->run()
#9 /home/nabiel/Desktop/SI_peminjaman_unsri/vendor/codeigniter4/framework/system/Commands/Server/rewrite.php(45): require_once('...')
#10 {main}
CRITICAL - 2021-05-04 04:30:15 --> Undefined variable $pinjaman
#0 /home/nabiel/Desktop/SI_peminjaman_unsri/app/Views/lab/daftar_lab_pinjaman_saya.php(77): CodeIgniter\Debug\Exceptions->errorHandler()
#1 /home/nabiel/Desktop/SI_peminjaman_unsri/vendor/codeigniter4/framework/system/View/View.php(220): include('...')
#2 /home/nabiel/Desktop/SI_peminjaman_unsri/vendor/codeigniter4/framework/system/View/View.php(222): CodeIgniter\View\View->CodeIgniter\View\{closure}()
#3 /home/nabiel/Desktop/SI_peminjaman_unsri/vendor/codeigniter4/framework/system/Common.php(1217): CodeIgniter\View\View->render()
#4 /home/nabiel/Desktop/SI_peminjaman_unsri/app/Controllers/LabController.php(24): view()
#5 /home/nabiel/Desktop/SI_peminjaman_unsri/vendor/codeigniter4/framework/system/CodeIgniter.php(936): App\Controllers\LabController->show_by_user()
#6 /home/nabiel/Desktop/SI_peminjaman_unsri/vendor/codeigniter4/framework/system/CodeIgniter.php(432): CodeIgniter\CodeIgniter->runController()
#7 /home/nabiel/Desktop/SI_peminjaman_unsri/vendor/codeigniter4/framework/system/CodeIgniter.php(333): CodeIgniter\CodeIgniter->handleRequest()
#8 /home/nabiel/Desktop/SI_peminjaman_unsri/public/index.php(44): CodeIgniter\CodeIgniter->run()
#9 /home/nabiel/Desktop/SI_peminjaman_unsri/vendor/codeigniter4/framework/system/Commands/Server/rewrite.php(45): require_once('...')
#10 {main}
CRITICAL - 2021-05-04 04:30:19 --> Undefined property: stdClass::$isbn
#0 /home/nabiel/Desktop/SI_peminjaman_unsri/app/Views/lab/daftar_lab_pinjaman_saya.php(99): CodeIgniter\Debug\Exceptions->errorHandler()
#1 /home/nabiel/Desktop/SI_peminjaman_unsri/vendor/codeigniter4/framework/system/View/View.php(220): include('...')
#2 /home/nabiel/Desktop/SI_peminjaman_unsri/vendor/codeigniter4/framework/system/View/View.php(222): CodeIgniter\View\View->CodeIgniter\View\{closure}()
#3 /home/nabiel/Desktop/SI_peminjaman_unsri/vendor/codeigniter4/framework/system/Common.php(1217): CodeIgniter\View\View->render()
#4 /home/nabiel/Desktop/SI_peminjaman_unsri/app/Controllers/LabController.php(24): view()
#5 /home/nabiel/Desktop/SI_peminjaman_unsri/vendor/codeigniter4/framework/system/CodeIgniter.php(936): App\Controllers\LabController->show_by_user()
#6 /home/nabiel/Desktop/SI_peminjaman_unsri/vendor/codeigniter4/framework/system/CodeIgniter.php(432): CodeIgniter\CodeIgniter->runController()
#7 /home/nabiel/Desktop/SI_peminjaman_unsri/vendor/codeigniter4/framework/system/CodeIgniter.php(333): CodeIgniter\CodeIgniter->handleRequest()
#8 /home/nabiel/Desktop/SI_peminjaman_unsri/public/index.php(44): CodeIgniter\CodeIgniter->run()
#9 /home/nabiel/Desktop/SI_peminjaman_unsri/vendor/codeigniter4/framework/system/Commands/Server/rewrite.php(45): require_once('...')
#10 {main}
CRITICAL - 2021-05-04 04:55:45 --> Attempt to read property "id" on array
#0 /home/nabiel/Desktop/SI_peminjaman_unsri/app/Controllers/LabController.php(24): CodeIgniter\Debug\Exceptions->errorHandler()
#1 /home/nabiel/Desktop/SI_peminjaman_unsri/app/Controllers/LabController.php(13): App\Controllers\LabController->mergeLabData()
#2 /home/nabiel/Desktop/SI_peminjaman_unsri/vendor/codeigniter4/framework/system/CodeIgniter.php(936): App\Controllers\LabController->index()
#3 /home/nabiel/Desktop/SI_peminjaman_unsri/vendor/codeigniter4/framework/system/CodeIgniter.php(432): CodeIgniter\CodeIgniter->runController()
#4 /home/nabiel/Desktop/SI_peminjaman_unsri/vendor/codeigniter4/framework/system/CodeIgniter.php(333): CodeIgniter\CodeIgniter->handleRequest()
#5 /home/nabiel/Desktop/SI_peminjaman_unsri/public/index.php(44): CodeIgniter\CodeIgniter->run()
#6 /home/nabiel/Desktop/SI_peminjaman_unsri/vendor/codeigniter4/framework/system/Commands/Server/rewrite.php(45): require_once('...')
#7 {main}
CRITICAL - 2021-05-04 05:07:11 --> Cannot use object of type stdClass as array
#0 /home/nabiel/Desktop/SI_peminjaman_unsri/app/Controllers/LabController.php(13): App\Controllers\LabController->mergeLabData()
#1 /home/nabiel/Desktop/SI_peminjaman_unsri/vendor/codeigniter4/framework/system/CodeIgniter.php(936): App\Controllers\LabController->index()
#2 /home/nabiel/Desktop/SI_peminjaman_unsri/vendor/codeigniter4/framework/system/CodeIgniter.php(432): CodeIgniter\CodeIgniter->runController()
#3 /home/nabiel/Desktop/SI_peminjaman_unsri/vendor/codeigniter4/framework/system/CodeIgniter.php(333): CodeIgniter\CodeIgniter->handleRequest()
#4 /home/nabiel/Desktop/SI_peminjaman_unsri/public/index.php(44): CodeIgniter\CodeIgniter->run()
#5 /home/nabiel/Desktop/SI_peminjaman_unsri/vendor/codeigniter4/framework/system/Commands/Server/rewrite.php(45): require_once('...')
#6 {main}
CRITICAL - 2021-05-04 05:08:59 --> Cannot use object of type stdClass as array
#0 /home/nabiel/Desktop/SI_peminjaman_unsri/app/Controllers/LabController.php(13): App\Controllers\LabController->mergeLabData()
#1 /home/nabiel/Desktop/SI_peminjaman_unsri/vendor/codeigniter4/framework/system/CodeIgniter.php(936): App\Controllers\LabController->index()
#2 /home/nabiel/Desktop/SI_peminjaman_unsri/vendor/codeigniter4/framework/system/CodeIgniter.php(432): CodeIgniter\CodeIgniter->runController()
#3 /home/nabiel/Desktop/SI_peminjaman_unsri/vendor/codeigniter4/framework/system/CodeIgniter.php(333): CodeIgniter\CodeIgniter->handleRequest()
#4 /home/nabiel/Desktop/SI_peminjaman_unsri/public/index.php(44): CodeIgniter\CodeIgniter->run()
#5 /home/nabiel/Desktop/SI_peminjaman_unsri/vendor/codeigniter4/framework/system/Commands/Server/rewrite.php(45): require_once('...')
#6 {main}
CRITICAL - 2021-05-04 05:09:40 --> Cannot use object of type stdClass as array
#0 /home/nabiel/Desktop/SI_peminjaman_unsri/app/Controllers/LabController.php(13): App\Controllers\LabController->mergeLabData()
#1 /home/nabiel/Desktop/SI_peminjaman_unsri/vendor/codeigniter4/framework/system/CodeIgniter.php(936): App\Controllers\LabController->index()
#2 /home/nabiel/Desktop/SI_peminjaman_unsri/vendor/codeigniter4/framework/system/CodeIgniter.php(432): CodeIgniter\CodeIgniter->runController()
#3 /home/nabiel/Desktop/SI_peminjaman_unsri/vendor/codeigniter4/framework/system/CodeIgniter.php(333): CodeIgniter\CodeIgniter->handleRequest()
#4 /home/nabiel/Desktop/SI_peminjaman_unsri/public/index.php(44): CodeIgniter\CodeIgniter->run()
#5 /home/nabiel/Desktop/SI_peminjaman_unsri/vendor/codeigniter4/framework/system/Commands/Server/rewrite.php(45): require_once('...')
#6 {main}
CRITICAL - 2021-05-04 05:10:22 --> array_push(): Argument #1 ($array) must be of type array, null given
#0 /home/nabiel/Desktop/SI_peminjaman_unsri/app/Controllers/LabController.php(25): array_push()
#1 /home/nabiel/Desktop/SI_peminjaman_unsri/app/Controllers/LabController.php(13): App\Controllers\LabController->mergeLabData()
#2 /home/nabiel/Desktop/SI_peminjaman_unsri/vendor/codeigniter4/framework/system/CodeIgniter.php(936): App\Controllers\LabController->index()
#3 /home/nabiel/Desktop/SI_peminjaman_unsri/vendor/codeigniter4/framework/system/CodeIgniter.php(432): CodeIgniter\CodeIgniter->runController()
#4 /home/nabiel/Desktop/SI_peminjaman_unsri/vendor/codeigniter4/framework/system/CodeIgniter.php(333): CodeIgniter\CodeIgniter->handleRequest()
#5 /home/nabiel/Desktop/SI_peminjaman_unsri/public/index.php(44): CodeIgniter\CodeIgniter->run()
#6 /home/nabiel/Desktop/SI_peminjaman_unsri/vendor/codeigniter4/framework/system/Commands/Server/rewrite.php(45): require_once('...')
#7 {main}
CRITICAL - 2021-05-04 05:10:42 --> array_push(): Argument #1 ($array) must be of type array, null given
#0 /home/nabiel/Desktop/SI_peminjaman_unsri/app/Controllers/LabController.php(25): array_push()
#1 /home/nabiel/Desktop/SI_peminjaman_unsri/app/Controllers/LabController.php(13): App\Controllers\LabController->mergeLabData()
#2 /home/nabiel/Desktop/SI_peminjaman_unsri/vendor/codeigniter4/framework/system/CodeIgniter.php(936): App\Controllers\LabController->index()
#3 /home/nabiel/Desktop/SI_peminjaman_unsri/vendor/codeigniter4/framework/system/CodeIgniter.php(432): CodeIgniter\CodeIgniter->runController()
#4 /home/nabiel/Desktop/SI_peminjaman_unsri/vendor/codeigniter4/framework/system/CodeIgniter.php(333): CodeIgniter\CodeIgniter->handleRequest()
#5 /home/nabiel/Desktop/SI_peminjaman_unsri/public/index.php(44): CodeIgniter\CodeIgniter->run()
#6 /home/nabiel/Desktop/SI_peminjaman_unsri/vendor/codeigniter4/framework/system/Commands/Server/rewrite.php(45): require_once('...')
#7 {main}
CRITICAL - 2021-05-04 05:10:43 --> array_push(): Argument #1 ($array) must be of type array, null given
#0 /home/nabiel/Desktop/SI_peminjaman_unsri/app/Controllers/LabController.php(25): array_push()
#1 /home/nabiel/Desktop/SI_peminjaman_unsri/app/Controllers/LabController.php(13): App\Controllers\LabController->mergeLabData()
#2 /home/nabiel/Desktop/SI_peminjaman_unsri/vendor/codeigniter4/framework/system/CodeIgniter.php(936): App\Controllers\LabController->index()
#3 /home/nabiel/Desktop/SI_peminjaman_unsri/vendor/codeigniter4/framework/system/CodeIgniter.php(432): CodeIgniter\CodeIgniter->runController()
#4 /home/nabiel/Desktop/SI_peminjaman_unsri/vendor/codeigniter4/framework/system/CodeIgniter.php(333): CodeIgniter\CodeIgniter->handleRequest()
#5 /home/nabiel/Desktop/SI_peminjaman_unsri/public/index.php(44): CodeIgniter\CodeIgniter->run()
#6 /home/nabiel/Desktop/SI_peminjaman_unsri/vendor/codeigniter4/framework/system/Commands/Server/rewrite.php(45): require_once('...')
#7 {main}
CRITICAL - 2021-05-04 05:10:51 --> array_push(): Argument #1 ($array) must be of type array, null given
#0 /home/nabiel/Desktop/SI_peminjaman_unsri/app/Controllers/LabController.php(25): array_push()
#1 /home/nabiel/Desktop/SI_peminjaman_unsri/app/Controllers/LabController.php(13): App\Controllers\LabController->mergeLabData()
#2 /home/nabiel/Desktop/SI_peminjaman_unsri/vendor/codeigniter4/framework/system/CodeIgniter.php(936): App\Controllers\LabController->index()
#3 /home/nabiel/Desktop/SI_peminjaman_unsri/vendor/codeigniter4/framework/system/CodeIgniter.php(432): CodeIgniter\CodeIgniter->runController()
#4 /home/nabiel/Desktop/SI_peminjaman_unsri/vendor/codeigniter4/framework/system/CodeIgniter.php(333): CodeIgniter\CodeIgniter->handleRequest()
#5 /home/nabiel/Desktop/SI_peminjaman_unsri/public/index.php(44): CodeIgniter\CodeIgniter->run()
#6 /home/nabiel/Desktop/SI_peminjaman_unsri/vendor/codeigniter4/framework/system/Commands/Server/rewrite.php(45): require_once('...')
#7 {main}
CRITICAL - 2021-05-04 05:13:18 --> Unclosed '{' on line 21 does not match ')'
#0 /home/nabiel/Desktop/SI_peminjaman_unsri/vendor/codeigniter4/framework/system/Autoloader/Autoloader.php(265): CodeIgniter\Autoloader\Autoloader->includeFile()
#1 /home/nabiel/Desktop/SI_peminjaman_unsri/vendor/codeigniter4/framework/system/Autoloader/Autoloader.php(228): CodeIgniter\Autoloader\Autoloader->loadInNamespace()
#2 [internal function]: CodeIgniter\Autoloader\Autoloader->loadClass()
#3 /home/nabiel/Desktop/SI_peminjaman_unsri/vendor/codeigniter4/framework/system/CodeIgniter.php(893): class_exists()
#4 /home/nabiel/Desktop/SI_peminjaman_unsri/vendor/codeigniter4/framework/system/CodeIgniter.php(417): CodeIgniter\CodeIgniter->startController()
#5 /home/nabiel/Desktop/SI_peminjaman_unsri/vendor/codeigniter4/framework/system/CodeIgniter.php(333): CodeIgniter\CodeIgniter->handleRequest()
#6 /home/nabiel/Desktop/SI_peminjaman_unsri/public/index.php(44): CodeIgniter\CodeIgniter->run()
#7 /home/nabiel/Desktop/SI_peminjaman_unsri/vendor/codeigniter4/framework/system/Commands/Server/rewrite.php(45): require_once('...')
#8 {main}
CRITICAL - 2021-05-04 05:14:37 --> Cannot use object of type App\Entities\Lab as array
#0 /home/nabiel/Desktop/SI_peminjaman_unsri/app/Controllers/LabController.php(13): App\Controllers\LabController->mergeLabData()
#1 /home/nabiel/Desktop/SI_peminjaman_unsri/vendor/codeigniter4/framework/system/CodeIgniter.php(936): App\Controllers\LabController->index()
#2 /home/nabiel/Desktop/SI_peminjaman_unsri/vendor/codeigniter4/framework/system/CodeIgniter.php(432): CodeIgniter\CodeIgniter->runController()
#3 /home/nabiel/Desktop/SI_peminjaman_unsri/vendor/codeigniter4/framework/system/CodeIgniter.php(333): CodeIgniter\CodeIgniter->handleRequest()
#4 /home/nabiel/Desktop/SI_peminjaman_unsri/public/index.php(44): CodeIgniter\CodeIgniter->run()
#5 /home/nabiel/Desktop/SI_peminjaman_unsri/vendor/codeigniter4/framework/system/Commands/Server/rewrite.php(45): require_once('...')
#6 {main}
CRITICAL - 2021-05-04 05:16:11 --> Cannot use object of type App\Entities\Lab as array
#0 /home/nabiel/Desktop/SI_peminjaman_unsri/app/Controllers/LabController.php(13): App\Controllers\LabController->mergeLabData()
#1 /home/nabiel/Desktop/SI_peminjaman_unsri/vendor/codeigniter4/framework/system/CodeIgniter.php(936): App\Controllers\LabController->index()
#2 /home/nabiel/Desktop/SI_peminjaman_unsri/vendor/codeigniter4/framework/system/CodeIgniter.php(432): CodeIgniter\CodeIgniter->runController()
#3 /home/nabiel/Desktop/SI_peminjaman_unsri/vendor/codeigniter4/framework/system/CodeIgniter.php(333): CodeIgniter\CodeIgniter->handleRequest()
#4 /home/nabiel/Desktop/SI_peminjaman_unsri/public/index.php(44): CodeIgniter\CodeIgniter->run()
#5 /home/nabiel/Desktop/SI_peminjaman_unsri/vendor/codeigniter4/framework/system/Commands/Server/rewrite.php(45): require_once('...')
#6 {main}
CRITICAL - 2021-05-04 05:37:39 --> Cannot use object of type stdClass as array
#0 /home/nabiel/Desktop/SI_peminjaman_unsri/app/Controllers/LabController.php(13): App\Controllers\LabController->mergeLabData()
#1 /home/nabiel/Desktop/SI_peminjaman_unsri/vendor/codeigniter4/framework/system/CodeIgniter.php(936): App\Controllers\LabController->index()
#2 /home/nabiel/Desktop/SI_peminjaman_unsri/vendor/codeigniter4/framework/system/CodeIgniter.php(432): CodeIgniter\CodeIgniter->runController()
#3 /home/nabiel/Desktop/SI_peminjaman_unsri/vendor/codeigniter4/framework/system/CodeIgniter.php(333): CodeIgniter\CodeIgniter->handleRequest()
#4 /home/nabiel/Desktop/SI_peminjaman_unsri/public/index.php(44): CodeIgniter\CodeIgniter->run()
#5 /home/nabiel/Desktop/SI_peminjaman_unsri/vendor/codeigniter4/framework/system/Commands/Server/rewrite.php(45): require_once('...')
#6 {main}
CRITICAL - 2021-05-04 05:40:25 --> Cannot use object of type stdClass as array
#0 /home/nabiel/Desktop/SI_peminjaman_unsri/app/Controllers/LabController.php(13): App\Controllers\LabController->mergeLabData()
#1 /home/nabiel/Desktop/SI_peminjaman_unsri/vendor/codeigniter4/framework/system/CodeIgniter.php(936): App\Controllers\LabController->index()
#2 /home/nabiel/Desktop/SI_peminjaman_unsri/vendor/codeigniter4/framework/system/CodeIgniter.php(432): CodeIgniter\CodeIgniter->runController()
#3 /home/nabiel/Desktop/SI_peminjaman_unsri/vendor/codeigniter4/framework/system/CodeIgniter.php(333): CodeIgniter\CodeIgniter->handleRequest()
#4 /home/nabiel/Desktop/SI_peminjaman_unsri/public/index.php(44): CodeIgniter\CodeIgniter->run()
#5 /home/nabiel/Desktop/SI_peminjaman_unsri/vendor/codeigniter4/framework/system/Commands/Server/rewrite.php(45): require_once('...')
#6 {main}
CRITICAL - 2021-05-04 05:40:37 --> Attempt to read property "id" on array
#0 /home/nabiel/Desktop/SI_peminjaman_unsri/app/Controllers/LabController.php(37): CodeIgniter\Debug\Exceptions->errorHandler()
#1 /home/nabiel/Desktop/SI_peminjaman_unsri/app/Controllers/LabController.php(13): App\Controllers\LabController->mergeLabData()
#2 /home/nabiel/Desktop/SI_peminjaman_unsri/vendor/codeigniter4/framework/system/CodeIgniter.php(936): App\Controllers\LabController->index()
#3 /home/nabiel/Desktop/SI_peminjaman_unsri/vendor/codeigniter4/framework/system/CodeIgniter.php(432): CodeIgniter\CodeIgniter->runController()
#4 /home/nabiel/Desktop/SI_peminjaman_unsri/vendor/codeigniter4/framework/system/CodeIgniter.php(333): CodeIgniter\CodeIgniter->handleRequest()
#5 /home/nabiel/Desktop/SI_peminjaman_unsri/public/index.php(44): CodeIgniter\CodeIgniter->run()
#6 /home/nabiel/Desktop/SI_peminjaman_unsri/vendor/codeigniter4/framework/system/Commands/Server/rewrite.php(45): require_once('...')
#7 {main}
CRITICAL - 2021-05-04 05:40:56 --> Undefined array key "id"
#0 /home/nabiel/Desktop/SI_peminjaman_unsri/app/Controllers/LabController.php(37): CodeIgniter\Debug\Exceptions->errorHandler()
#1 /home/nabiel/Desktop/SI_peminjaman_unsri/app/Controllers/LabController.php(13): App\Controllers\LabController->mergeLabData()
#2 /home/nabiel/Desktop/SI_peminjaman_unsri/vendor/codeigniter4/framework/system/CodeIgniter.php(936): App\Controllers\LabController->index()
#3 /home/nabiel/Desktop/SI_peminjaman_unsri/vendor/codeigniter4/framework/system/CodeIgniter.php(432): CodeIgniter\CodeIgniter->runController()
#4 /home/nabiel/Desktop/SI_peminjaman_unsri/vendor/codeigniter4/framework/system/CodeIgniter.php(333): CodeIgniter\CodeIgniter->handleRequest()
#5 /home/nabiel/Desktop/SI_peminjaman_unsri/public/index.php(44): CodeIgniter\CodeIgniter->run()
#6 /home/nabiel/Desktop/SI_peminjaman_unsri/vendor/codeigniter4/framework/system/Commands/Server/rewrite.php(45): require_once('...')
#7 {main}
CRITICAL - 2021-05-04 05:41:13 --> Undefined variable $temp
#0 /home/nabiel/Desktop/SI_peminjaman_unsri/app/Controllers/LabController.php(48): CodeIgniter\Debug\Exceptions->errorHandler()
#1 /home/nabiel/Desktop/SI_peminjaman_unsri/app/Controllers/LabController.php(13): App\Controllers\LabController->mergeLabData()
#2 /home/nabiel/Desktop/SI_peminjaman_unsri/vendor/codeigniter4/framework/system/CodeIgniter.php(936): App\Controllers\LabController->index()
#3 /home/nabiel/Desktop/SI_peminjaman_unsri/vendor/codeigniter4/framework/system/CodeIgniter.php(432): CodeIgniter\CodeIgniter->runController()
#4 /home/nabiel/Desktop/SI_peminjaman_unsri/vendor/codeigniter4/framework/system/CodeIgniter.php(333): CodeIgniter\CodeIgniter->handleRequest()
#5 /home/nabiel/Desktop/SI_peminjaman_unsri/public/index.php(44): CodeIgniter\CodeIgniter->run()
#6 /home/nabiel/Desktop/SI_peminjaman_unsri/vendor/codeigniter4/framework/system/Commands/Server/rewrite.php(45): require_once('...')
#7 {main}
CRITICAL - 2021-05-04 05:41:18 --> Undefined variable $temp
#0 /home/nabiel/Desktop/SI_peminjaman_unsri/app/Controllers/LabController.php(47): CodeIgniter\Debug\Exceptions->errorHandler()
#1 /home/nabiel/Desktop/SI_peminjaman_unsri/app/Controllers/LabController.php(13): App\Controllers\LabController->mergeLabData()
#2 /home/nabiel/Desktop/SI_peminjaman_unsri/vendor/codeigniter4/framework/system/CodeIgniter.php(936): App\Controllers\LabController->index()
#3 /home/nabiel/Desktop/SI_peminjaman_unsri/vendor/codeigniter4/framework/system/CodeIgniter.php(432): CodeIgniter\CodeIgniter->runController()
#4 /home/nabiel/Desktop/SI_peminjaman_unsri/vendor/codeigniter4/framework/system/CodeIgniter.php(333): CodeIgniter\CodeIgniter->handleRequest()
#5 /home/nabiel/Desktop/SI_peminjaman_unsri/public/index.php(44): CodeIgniter\CodeIgniter->run()
#6 /home/nabiel/Desktop/SI_peminjaman_unsri/vendor/codeigniter4/framework/system/Commands/Server/rewrite.php(45): require_once('...')
#7 {main}
CRITICAL - 2021-05-04 05:41:25 --> Cannot use object of type App\Entities\Lab as array
#0 /home/nabiel/Desktop/SI_peminjaman_unsri/app/Controllers/LabController.php(13): App\Controllers\LabController->mergeLabData()
#1 /home/nabiel/Desktop/SI_peminjaman_unsri/vendor/codeigniter4/framework/system/CodeIgniter.php(936): App\Controllers\LabController->index()
#2 /home/nabiel/Desktop/SI_peminjaman_unsri/vendor/codeigniter4/framework/system/CodeIgniter.php(432): CodeIgniter\CodeIgniter->runController()
#3 /home/nabiel/Desktop/SI_peminjaman_unsri/vendor/codeigniter4/framework/system/CodeIgniter.php(333): CodeIgniter\CodeIgniter->handleRequest()
#4 /home/nabiel/Desktop/SI_peminjaman_unsri/public/index.php(44): CodeIgniter\CodeIgniter->run()
#5 /home/nabiel/Desktop/SI_peminjaman_unsri/vendor/codeigniter4/framework/system/Commands/Server/rewrite.php(45): require_once('...')
#6 {main}
CRITICAL - 2021-05-04 05:47:16 --> Cannot use object of type App\Entities\Lab as array
#0 /home/nabiel/Desktop/SI_peminjaman_unsri/app/Controllers/LabController.php(13): App\Controllers\LabController->mergeLabData()
#1 /home/nabiel/Desktop/SI_peminjaman_unsri/vendor/codeigniter4/framework/system/CodeIgniter.php(936): App\Controllers\LabController->index()
#2 /home/nabiel/Desktop/SI_peminjaman_unsri/vendor/codeigniter4/framework/system/CodeIgniter.php(432): CodeIgniter\CodeIgniter->runController()
#3 /home/nabiel/Desktop/SI_peminjaman_unsri/vendor/codeigniter4/framework/system/CodeIgniter.php(333): CodeIgniter\CodeIgniter->handleRequest()
#4 /home/nabiel/Desktop/SI_peminjaman_unsri/public/index.php(44): CodeIgniter\CodeIgniter->run()
#5 /home/nabiel/Desktop/SI_peminjaman_unsri/vendor/codeigniter4/framework/system/Commands/Server/rewrite.php(45): require_once('...')
#6 {main}
CRITICAL - 2021-05-04 05:48:26 --> Cannot use object of type stdClass as array
#0 /home/nabiel/Desktop/SI_peminjaman_unsri/app/Controllers/LabController.php(13): App\Controllers\LabController->mergeLabData()
#1 /home/nabiel/Desktop/SI_peminjaman_unsri/vendor/codeigniter4/framework/system/CodeIgniter.php(936): App\Controllers\LabController->index()
#2 /home/nabiel/Desktop/SI_peminjaman_unsri/vendor/codeigniter4/framework/system/CodeIgniter.php(432): CodeIgniter\CodeIgniter->runController()
#3 /home/nabiel/Desktop/SI_peminjaman_unsri/vendor/codeigniter4/framework/system/CodeIgniter.php(333): CodeIgniter\CodeIgniter->handleRequest()
#4 /home/nabiel/Desktop/SI_peminjaman_unsri/public/index.php(44): CodeIgniter\CodeIgniter->run()
#5 /home/nabiel/Desktop/SI_peminjaman_unsri/vendor/codeigniter4/framework/system/Commands/Server/rewrite.php(45): require_once('...')
#6 {main}
CRITICAL - 2021-05-04 05:57:31 --> Undefined variable $p
#0 /home/nabiel/Desktop/SI_peminjaman_unsri/app/Views/lab/daftar_lab.php(108): CodeIgniter\Debug\Exceptions->errorHandler()
#1 /home/nabiel/Desktop/SI_peminjaman_unsri/vendor/codeigniter4/framework/system/View/View.php(220): include('...')
#2 /home/nabiel/Desktop/SI_peminjaman_unsri/vendor/codeigniter4/framework/system/View/View.php(222): CodeIgniter\View\View->CodeIgniter\View\{closure}()
#3 /home/nabiel/Desktop/SI_peminjaman_unsri/vendor/codeigniter4/framework/system/Common.php(1217): CodeIgniter\View\View->render()
#4 /home/nabiel/Desktop/SI_peminjaman_unsri/app/Controllers/LabController.php(15): view()
#5 /home/nabiel/Desktop/SI_peminjaman_unsri/vendor/codeigniter4/framework/system/CodeIgniter.php(936): App\Controllers\LabController->index()
#6 /home/nabiel/Desktop/SI_peminjaman_unsri/vendor/codeigniter4/framework/system/CodeIgniter.php(432): CodeIgniter\CodeIgniter->runController()
#7 /home/nabiel/Desktop/SI_peminjaman_unsri/vendor/codeigniter4/framework/system/CodeIgniter.php(333): CodeIgniter\CodeIgniter->handleRequest()
#8 /home/nabiel/Desktop/SI_peminjaman_unsri/public/index.php(44): CodeIgniter\CodeIgniter->run()
#9 /home/nabiel/Desktop/SI_peminjaman_unsri/vendor/codeigniter4/framework/system/Commands/Server/rewrite.php(45): require_once('...')
#10 {main}
CRITICAL - 2021-05-04 05:57:40 --> Undefined variable $p
#0 /home/nabiel/Desktop/SI_peminjaman_unsri/app/Views/lab/daftar_lab.php(108): CodeIgniter\Debug\Exceptions->errorHandler()
#1 /home/nabiel/Desktop/SI_peminjaman_unsri/vendor/codeigniter4/framework/system/View/View.php(220): include('...')
#2 /home/nabiel/Desktop/SI_peminjaman_unsri/vendor/codeigniter4/framework/system/View/View.php(222): CodeIgniter\View\View->CodeIgniter\View\{closure}()
#3 /home/nabiel/Desktop/SI_peminjaman_unsri/vendor/codeigniter4/framework/system/Common.php(1217): CodeIgniter\View\View->render()
#4 /home/nabiel/Desktop/SI_peminjaman_unsri/app/Controllers/LabController.php(15): view()
#5 /home/nabiel/Desktop/SI_peminjaman_unsri/vendor/codeigniter4/framework/system/CodeIgniter.php(936): App\Controllers\LabController->index()
#6 /home/nabiel/Desktop/SI_peminjaman_unsri/vendor/codeigniter4/framework/system/CodeIgniter.php(432): CodeIgniter\CodeIgniter->runController()
#7 /home/nabiel/Desktop/SI_peminjaman_unsri/vendor/codeigniter4/framework/system/CodeIgniter.php(333): CodeIgniter\CodeIgniter->handleRequest()
#8 /home/nabiel/Desktop/SI_peminjaman_unsri/public/index.php(44): CodeIgniter\CodeIgniter->run()
#9 /home/nabiel/Desktop/SI_peminjaman_unsri/vendor/codeigniter4/framework/system/Commands/Server/rewrite.php(45): require_once('...')
#10 {main}
CRITICAL - 2021-05-04 05:57:42 --> Undefined variable $p
#0 /home/nabiel/Desktop/SI_peminjaman_unsri/app/Views/lab/daftar_lab.php(108): CodeIgniter\Debug\Exceptions->errorHandler()
#1 /home/nabiel/Desktop/SI_peminjaman_unsri/vendor/codeigniter4/framework/system/View/View.php(220): include('...')
#2 /home/nabiel/Desktop/SI_peminjaman_unsri/vendor/codeigniter4/framework/system/View/View.php(222): CodeIgniter\View\View->CodeIgniter\View\{closure}()
#3 /home/nabiel/Desktop/SI_peminjaman_unsri/vendor/codeigniter4/framework/system/Common.php(1217): CodeIgniter\View\View->render()
#4 /home/nabiel/Desktop/SI_peminjaman_unsri/app/Controllers/LabController.php(15): view()
#5 /home/nabiel/Desktop/SI_peminjaman_unsri/vendor/codeigniter4/framework/system/CodeIgniter.php(936): App\Controllers\LabController->index()
#6 /home/nabiel/Desktop/SI_peminjaman_unsri/vendor/codeigniter4/framework/system/CodeIgniter.php(432): CodeIgniter\CodeIgniter->runController()
#7 /home/nabiel/Desktop/SI_peminjaman_unsri/vendor/codeigniter4/framework/system/CodeIgniter.php(333): CodeIgniter\CodeIgniter->handleRequest()
#8 /home/nabiel/Desktop/SI_peminjaman_unsri/public/index.php(44): CodeIgniter\CodeIgniter->run()
#9 /home/nabiel/Desktop/SI_peminjaman_unsri/vendor/codeigniter4/framework/system/Commands/Server/rewrite.php(45): require_once('...')
#10 {main}
ERROR - 2021-05-04 20:52:00 --> Error connecting to the database: No such file or directory
CRITICAL - 2021-05-04 20:52:00 --> Unable to connect to the database.
#0 /home/nabiel/Desktop/SI_peminjaman_unsri/vendor/codeigniter4/framework/system/Database/BaseConnection.php(618): CodeIgniter\Database\BaseConnection->initialize()
#1 /home/nabiel/Desktop/SI_peminjaman_unsri/vendor/codeigniter4/framework/system/Database/BaseBuilder.php(1866): CodeIgniter\Database\BaseConnection->query()
#2 /home/nabiel/Desktop/SI_peminjaman_unsri/vendor/codeigniter4/framework/system/Model.php(247): CodeIgniter\Database\BaseBuilder->get()
#3 /home/nabiel/Desktop/SI_peminjaman_unsri/vendor/codeigniter4/framework/system/BaseModel.php(624): CodeIgniter\Model->doFirst()
#4 /home/nabiel/Desktop/SI_peminjaman_unsri/app/Controllers/Login.php(58): CodeIgniter\BaseModel->first()
#5 /home/nabiel/Desktop/SI_peminjaman_unsri/vendor/codeigniter4/framework/system/CodeIgniter.php(936): App\Controllers\Login->login()
#6 /home/nabiel/Desktop/SI_peminjaman_unsri/vendor/codeigniter4/framework/system/CodeIgniter.php(432): CodeIgniter\CodeIgniter->runController()
#7 /home/nabiel/Desktop/SI_peminjaman_unsri/vendor/codeigniter4/framework/system/CodeIgniter.php(333): CodeIgniter\CodeIgniter->handleRequest()
#8 /home/nabiel/Desktop/SI_peminjaman_unsri/public/index.php(44): CodeIgniter\CodeIgniter->run()
#9 /home/nabiel/Desktop/SI_peminjaman_unsri/vendor/codeigniter4/framework/system/Commands/Server/rewrite.php(45): require_once('...')
#10 {main}
